[1123/194042.481:ERROR:viz_main_impl.cc(162)] Exiting GPU process due to errors during initialization
[1123/194042.634:ERROR:viz_main_impl.cc(162)] Exiting GPU process due to errors during initialization
[1123/194042.762:ERROR:gpu_init.cc(441)] Passthrough is not supported, GL is disabled
[1123/194317.957:INFO:CONSOLE(1)] "Uncaught TypeError: Cannot read property 'fn' of undefined", source: https://localhost:7178/plugins/bower_components/owl.carousel/owl.carousel.min.js (1)
[1123/194319.727:INFO:CONSOLE(1)] "Uncaught ReferenceError: jQuery is not defined", source: https://localhost:7178/plugins/bower_components/owl.carousel/owl.custom.js (1)
[1123/194319.765:INFO:CONSOLE(1)] "Uncaught TypeError: Cannot read property 'fn' of undefined", source: https://localhost:7178/plugins/bower_components/owl.carousel/owl.carousel.min.js (1)
[1123/194319.948:INFO:CONSOLE(1)] "Uncaught ReferenceError: jQuery is not defined", source: https://localhost:7178/plugins/bower_components/owl.carousel/owl.custom.js (1)
[1123/194320.055:INFO:CONSOLE(50)] "Tools extension connected", source: https://localhost:7178/_vs/browserLink (50)
[1123/194320.055:INFO:CONSOLE(50)] "Initializing tools services...", source: https://localhost:7178/_vs/browserLink (50)
[1123/194320.056:INFO:CONSOLE(50)] "Initializing tools design surface service", source: https://localhost:7178/_vs/browserLink (50)
[1123/194320.056:INFO:CONSOLE(50)] "Initializing tools selection service", source: https://localhost:7178/_vs/browserLink (50)
[1123/194320.056:INFO:CONSOLE(50)] "Initializing tools tag navigation service", source: https://localhost:7178/_vs/browserLink (50)
[1123/194320.056:INFO:CONSOLE(50)] "Initializing tools hotkey manager service", source: https://localhost:7178/_vs/browserLink (50)
[1123/194320.056:INFO:CONSOLE(50)] "Host extension connected", source: https://localhost:7178/_vs/browserLink (50)
[1123/194320.056:INFO:CONSOLE(50)] "Initializing host services...", source: https://localhost:7178/_vs/browserLink (50)
[1123/194320.106:INFO:CONSOLE(21)] "Synchronous XMLHttpRequest on the main thread is deprecated because of its detrimental effects to the end user's experience. For more help, check https://xhr.spec.whatwg.org/.", source: https://localhost:7178/_vs/browserLink (21)
[1123/194320.117:INFO:CONSOLE(1)] "Uncaught TypeError: Cannot read property 'fn' of undefined", source: https://localhost:7178/plugins/bower_components/owl.carousel/owl.carousel.min.js (1)
[1123/194320.117:INFO:CONSOLE(1)] "Uncaught ReferenceError: jQuery is not defined", source: https://localhost:7178/plugins/bower_components/owl.carousel/owl.custom.js (1)
[1123/194320.615:INFO:CONSOLE(50)] "Tools extension connected", source: https://localhost:7178/_vs/browserLink (50)
[1123/194320.615:INFO:CONSOLE(50)] "Initializing tools services...", source: https://localhost:7178/_vs/browserLink (50)
[1123/194320.615:INFO:CONSOLE(50)] "Initializing tools design surface service", source: https://localhost:7178/_vs/browserLink (50)
[1123/194320.615:INFO:CONSOLE(50)] "Initializing tools selection service", source: https://localhost:7178/_vs/browserLink (50)
[1123/194320.615:INFO:CONSOLE(50)] "Initializing tools tag navigation service", source: https://localhost:7178/_vs/browserLink (50)
[1123/194320.615:INFO:CONSOLE(50)] "Initializing tools hotkey manager service", source: https://localhost:7178/_vs/browserLink (50)
[1123/194320.615:INFO:CONSOLE(50)] "Host extension connected", source: https://localhost:7178/_vs/browserLink (50)
[1123/194320.615:INFO:CONSOLE(50)] "Initializing host services...", source: https://localhost:7178/_vs/browserLink (50)
[1123/194325.342:INFO:CONSOLE(21)] "Synchronous XMLHttpRequest on the main thread is deprecated because of its detrimental effects to the end user's experience. For more help, check https://xhr.spec.whatwg.org/.", source: https://localhost:7178/_vs/browserLink (21)
[1123/194325.353:INFO:CONSOLE(1)] "Uncaught TypeError: Cannot read property 'fn' of undefined", source: https://localhost:7178/plugins/bower_components/owl.carousel/owl.carousel.min.js (1)
[1123/194325.353:INFO:CONSOLE(1)] "Uncaught ReferenceError: jQuery is not defined", source: https://localhost:7178/plugins/bower_components/owl.carousel/owl.custom.js (1)
[1123/194325.425:INFO:CONSOLE(50)] "Tools extension connected", source: https://localhost:7178/_vs/browserLink (50)
[1123/194325.425:INFO:CONSOLE(50)] "Initializing tools services...", source: https://localhost:7178/_vs/browserLink (50)
[1123/194325.425:INFO:CONSOLE(50)] "Initializing tools design surface service", source: https://localhost:7178/_vs/browserLink (50)
[1123/194325.425:INFO:CONSOLE(50)] "Initializing tools selection service", source: https://localhost:7178/_vs/browserLink (50)
[1123/194325.425:INFO:CONSOLE(50)] "Initializing tools tag navigation service", source: https://localhost:7178/_vs/browserLink (50)
[1123/194325.425:INFO:CONSOLE(50)] "Initializing tools hotkey manager service", source: https://localhost:7178/_vs/browserLink (50)
[1123/194325.425:INFO:CONSOLE(50)] "Host extension connected", source: https://localhost:7178/_vs/browserLink (50)
[1123/194325.425:INFO:CONSOLE(50)] "Initializing host services...", source: https://localhost:7178/_vs/browserLink (50)
[1123/194331.967:INFO:CONSOLE(21)] "Synchronous XMLHttpRequest on the main thread is deprecated because of its detrimental effects to the end user's experience. For more help, check https://xhr.spec.whatwg.org/.", source: https://localhost:7178/_vs/browserLink (21)
[1123/194331.978:INFO:CONSOLE(1)] "Uncaught TypeError: Cannot read property 'fn' of undefined", source: https://localhost:7178/plugins/bower_components/owl.carousel/owl.carousel.min.js (1)
[1123/194331.978:INFO:CONSOLE(1)] "Uncaught ReferenceError: jQuery is not defined", source: https://localhost:7178/plugins/bower_components/owl.carousel/owl.custom.js (1)
[1123/194332.100:INFO:CONSOLE(50)] "Tools extension connected", source: https://localhost:7178/_vs/browserLink (50)
[1123/194332.100:INFO:CONSOLE(50)] "Initializing tools services...", source: https://localhost:7178/_vs/browserLink (50)
[1123/194332.100:INFO:CONSOLE(50)] "Initializing tools design surface service", source: https://localhost:7178/_vs/browserLink (50)
[1123/194332.100:INFO:CONSOLE(50)] "Initializing tools selection service", source: https://localhost:7178/_vs/browserLink (50)
[1123/194332.100:INFO:CONSOLE(50)] "Initializing tools tag navigation service", source: https://localhost:7178/_vs/browserLink (50)
[1123/194332.100:INFO:CONSOLE(50)] "Initializing tools hotkey manager service", source: https://localhost:7178/_vs/browserLink (50)
[1123/194332.100:INFO:CONSOLE(50)] "Host extension connected", source: https://localhost:7178/_vs/browserLink (50)
[1123/194332.100:INFO:CONSOLE(50)] "Initializing host services...", source: https://localhost:7178/_vs/browserLink (50)
[1123/194333.125:INFO:CONSOLE(21)] "Synchronous XMLHttpRequest on the main thread is deprecated because of its detrimental effects to the end user's experience. For more help, check https://xhr.spec.whatwg.org/.", source: https://localhost:7178/_vs/browserLink (21)
[1123/194333.136:INFO:CONSOLE(1)] "Uncaught TypeError: Cannot read property 'fn' of undefined", source: https://localhost:7178/plugins/bower_components/owl.carousel/owl.carousel.min.js (1)
[1123/194333.136:INFO:CONSOLE(1)] "Uncaught ReferenceError: jQuery is not defined", source: https://localhost:7178/plugins/bower_components/owl.carousel/owl.custom.js (1)
[1123/194333.206:INFO:CONSOLE(50)] "Tools extension connected", source: https://localhost:7178/_vs/browserLink (50)
[1123/194333.206:INFO:CONSOLE(50)] "Initializing tools services...", source: https://localhost:7178/_vs/browserLink (50)
[1123/194333.206:INFO:CONSOLE(50)] "Initializing tools design surface service", source: https://localhost:7178/_vs/browserLink (50)
[1123/194333.206:INFO:CONSOLE(50)] "Initializing tools selection service", source: https://localhost:7178/_vs/browserLink (50)
[1123/194333.206:INFO:CONSOLE(50)] "Initializing tools tag navigation service", source: https://localhost:7178/_vs/browserLink (50)
[1123/194333.206:INFO:CONSOLE(50)] "Initializing tools hotkey manager service", source: https://localhost:7178/_vs/browserLink (50)
[1123/194333.206:INFO:CONSOLE(50)] "Host extension connected", source: https://localhost:7178/_vs/browserLink (50)
[1123/194333.206:INFO:CONSOLE(50)] "Initializing host services...", source: https://localhost:7178/_vs/browserLink (50)
[1123/194335.729:INFO:CONSOLE(21)] "Synchronous XMLHttpRequest on the main thread is deprecated because of its detrimental effects to the end user's experience. For more help, check https://xhr.spec.whatwg.org/.", source: https://localhost:7178/_vs/browserLink (21)
[1123/194335.740:INFO:CONSOLE(1)] "Uncaught TypeError: Cannot read property 'fn' of undefined", source: https://localhost:7178/plugins/bower_components/owl.carousel/owl.carousel.min.js (1)
[1123/194335.740:INFO:CONSOLE(1)] "Uncaught ReferenceError: jQuery is not defined", source: https://localhost:7178/plugins/bower_components/owl.carousel/owl.custom.js (1)
[1123/194335.820:INFO:CONSOLE(50)] "Tools extension connected", source: https://localhost:7178/_vs/browserLink (50)
[1123/194335.820:INFO:CONSOLE(50)] "Initializing tools services...", source: https://localhost:7178/_vs/browserLink (50)
[1123/194335.820:INFO:CONSOLE(50)] "Initializing tools design surface service", source: https://localhost:7178/_vs/browserLink (50)
[1123/194335.820:INFO:CONSOLE(50)] "Initializing tools selection service", source: https://localhost:7178/_vs/browserLink (50)
[1123/194335.820:INFO:CONSOLE(50)] "Initializing tools tag navigation service", source: https://localhost:7178/_vs/browserLink (50)
[1123/194335.820:INFO:CONSOLE(50)] "Initializing tools hotkey manager service", source: https://localhost:7178/_vs/browserLink (50)
[1123/194335.820:INFO:CONSOLE(50)] "Host extension connected", source: https://localhost:7178/_vs/browserLink (50)
[1123/194335.820:INFO:CONSOLE(50)] "Initializing host services...", source: https://localhost:7178/_vs/browserLink (50)
[1123/194336.275:INFO:CONSOLE(21)] "Synchronous XMLHttpRequest on the main thread is deprecated because of its detrimental effects to the end user's experience. For more help, check https://xhr.spec.whatwg.org/.", source: https://localhost:7178/_vs/browserLink (21)
[1123/194336.287:INFO:CONSOLE(1)] "Uncaught TypeError: Cannot read property 'fn' of undefined", source: https://localhost:7178/plugins/bower_components/owl.carousel/owl.carousel.min.js (1)
[1123/194336.287:INFO:CONSOLE(1)] "Uncaught ReferenceError: jQuery is not defined", source: https://localhost:7178/plugins/bower_components/owl.carousel/owl.custom.js (1)
[1123/194336.609:INFO:CONSOLE(50)] "Tools extension connected", source: https://localhost:7178/_vs/browserLink (50)
[1123/194336.609:INFO:CONSOLE(50)] "Initializing tools services...", source: https://localhost:7178/_vs/browserLink (50)
[1123/194336.609:INFO:CONSOLE(50)] "Initializing tools design surface service", source: https://localhost:7178/_vs/browserLink (50)
[1123/194336.609:INFO:CONSOLE(50)] "Initializing tools selection service", source: https://localhost:7178/_vs/browserLink (50)
[1123/194336.609:INFO:CONSOLE(50)] "Initializing tools tag navigation service", source: https://localhost:7178/_vs/browserLink (50)
[1123/194336.609:INFO:CONSOLE(50)] "Initializing tools hotkey manager service", source: https://localhost:7178/_vs/browserLink (50)
[1123/194336.609:INFO:CONSOLE(50)] "Host extension connected", source: https://localhost:7178/_vs/browserLink (50)
[1123/194336.609:INFO:CONSOLE(50)] "Initializing host services...", source: https://localhost:7178/_vs/browserLink (50)
[1123/194427.004:INFO:CONSOLE(21)] "Synchronous XMLHttpRequest on the main thread is deprecated because of its detrimental effects to the end user's experience. For more help, check https://xhr.spec.whatwg.org/.", source: https://localhost:7178/_vs/browserLink (21)
[1123/194427.018:INFO:CONSOLE(1)] "Uncaught TypeError: Cannot read property 'fn' of undefined", source: https://localhost:7178/plugins/bower_components/owl.carousel/owl.carousel.min.js (1)
[1123/194427.018:INFO:CONSOLE(1)] "Uncaught ReferenceError: jQuery is not defined", source: https://localhost:7178/plugins/bower_components/owl.carousel/owl.custom.js (1)
[1123/194427.141:INFO:CONSOLE(50)] "Tools extension connected", source: https://localhost:7178/_vs/browserLink (50)
[1123/194427.141:INFO:CONSOLE(50)] "Initializing tools services...", source: https://localhost:7178/_vs/browserLink (50)
[1123/194427.142:INFO:CONSOLE(50)] "Initializing tools design surface service", source: https://localhost:7178/_vs/browserLink (50)
[1123/194427.142:INFO:CONSOLE(50)] "Initializing tools selection service", source: https://localhost:7178/_vs/browserLink (50)
[1123/194427.142:INFO:CONSOLE(50)] "Initializing tools tag navigation service", source: https://localhost:7178/_vs/browserLink (50)
[1123/194427.142:INFO:CONSOLE(50)] "Initializing tools hotkey manager service", source: https://localhost:7178/_vs/browserLink (50)
[1123/194427.142:INFO:CONSOLE(50)] "Host extension connected", source: https://localhost:7178/_vs/browserLink (50)
[1123/194427.142:INFO:CONSOLE(50)] "Initializing host services...", source: https://localhost:7178/_vs/browserLink (50)
[1123/194427.859:INFO:CONSOLE(21)] "Synchronous XMLHttpRequest on the main thread is deprecated because of its detrimental effects to the end user's experience. For more help, check https://xhr.spec.whatwg.org/.", source: https://localhost:7178/_vs/browserLink (21)
[1123/194427.878:INFO:CONSOLE(1)] "Uncaught TypeError: Cannot read property 'fn' of undefined", source: https://localhost:7178/plugins/bower_components/owl.carousel/owl.carousel.min.js (1)
[1123/194427.878:INFO:CONSOLE(1)] "Uncaught ReferenceError: jQuery is not defined", source: https://localhost:7178/plugins/bower_components/owl.carousel/owl.custom.js (1)
[1123/194428.034:INFO:CONSOLE(50)] "Tools extension connected", source: https://localhost:7178/_vs/browserLink (50)
[1123/194428.036:INFO:CONSOLE(50)] "Initializing tools services...", source: https://localhost:7178/_vs/browserLink (50)
[1123/194428.036:INFO:CONSOLE(50)] "Initializing tools design surface service", source: https://localhost:7178/_vs/browserLink (50)
[1123/194428.036:INFO:CONSOLE(50)] "Initializing tools selection service", source: https://localhost:7178/_vs/browserLink (50)
[1123/194428.036:INFO:CONSOLE(50)] "Initializing tools tag navigation service", source: https://localhost:7178/_vs/browserLink (50)
[1123/194428.036:INFO:CONSOLE(50)] "Initializing tools hotkey manager service", source: https://localhost:7178/_vs/browserLink (50)
[1123/194428.036:INFO:CONSOLE(50)] "Host extension connected", source: https://localhost:7178/_vs/browserLink (50)
[1123/194428.036:INFO:CONSOLE(50)] "Initializing host services...", source: https://localhost:7178/_vs/browserLink (50)
[1123/194449.436:WARNING:CONSOLE(1)] "One or more elements in an active-descendant relationship are not yet attached to the DOM tree.", source: devtools://devtools/ui/legacy/legacy.js (1)
[1123/194452.381:INFO:CONSOLE(21)] "Synchronous XMLHttpRequest on the main thread is deprecated because of its detrimental effects to the end user's experience. For more help, check https://xhr.spec.whatwg.org/.", source: https://localhost:7178/_vs/browserLink (21)
[1123/194452.393:INFO:CONSOLE(1)] "Uncaught TypeError: Cannot read property 'fn' of undefined", source: https://localhost:7178/plugins/bower_components/owl.carousel/owl.carousel.min.js (1)
[1123/194452.393:INFO:CONSOLE(1)] "Uncaught ReferenceError: jQuery is not defined", source: https://localhost:7178/plugins/bower_components/owl.carousel/owl.custom.js (1)
[1123/194452.507:INFO:CONSOLE(50)] "Tools extension connected", source: https://localhost:7178/_vs/browserLink (50)
[1123/194452.507:INFO:CONSOLE(50)] "Initializing tools services...", source: https://localhost:7178/_vs/browserLink (50)
[1123/194452.507:INFO:CONSOLE(50)] "Initializing tools design surface service", source: https://localhost:7178/_vs/browserLink (50)
[1123/194452.508:INFO:CONSOLE(50)] "Initializing tools selection service", source: https://localhost:7178/_vs/browserLink (50)
[1123/194452.508:INFO:CONSOLE(50)] "Initializing tools tag navigation service", source: https://localhost:7178/_vs/browserLink (50)
[1123/194452.508:INFO:CONSOLE(50)] "Initializing tools hotkey manager service", source: https://localhost:7178/_vs/browserLink (50)
[1123/194452.508:INFO:CONSOLE(50)] "Host extension connected", source: https://localhost:7178/_vs/browserLink (50)
[1123/194452.508:INFO:CONSOLE(50)] "Initializing host services...", source: https://localhost:7178/_vs/browserLink (50)
[1123/194452.933:INFO:CONSOLE(21)] "Synchronous XMLHttpRequest on the main thread is deprecated because of its detrimental effects to the end user's experience. For more help, check https://xhr.spec.whatwg.org/.", source: https://localhost:7178/_vs/browserLink (21)
[1123/194452.944:INFO:CONSOLE(1)] "Uncaught TypeError: Cannot read property 'fn' of undefined", source: https://localhost:7178/plugins/bower_components/owl.carousel/owl.carousel.min.js (1)
[1123/194452.945:INFO:CONSOLE(1)] "Uncaught ReferenceError: jQuery is not defined", source: https://localhost:7178/plugins/bower_components/owl.carousel/owl.custom.js (1)
[1123/194453.096:INFO:CONSOLE(50)] "Tools extension connected", source: https://localhost:7178/_vs/browserLink (50)
[1123/194453.096:INFO:CONSOLE(50)] "Initializing tools services...", source: https://localhost:7178/_vs/browserLink (50)
[1123/194453.096:INFO:CONSOLE(50)] "Initializing tools design surface service", source: https://localhost:7178/_vs/browserLink (50)
[1123/194453.096:INFO:CONSOLE(50)] "Initializing tools selection service", source: https://localhost:7178/_vs/browserLink (50)
[1123/194453.096:INFO:CONSOLE(50)] "Initializing tools tag navigation service", source: https://localhost:7178/_vs/browserLink (50)
[1123/194453.096:INFO:CONSOLE(50)] "Initializing tools hotkey manager service", source: https://localhost:7178/_vs/browserLink (50)
[1123/194453.096:INFO:CONSOLE(50)] "Host extension connected", source: https://localhost:7178/_vs/browserLink (50)
[1123/194453.097:INFO:CONSOLE(50)] "Initializing host services...", source: https://localhost:7178/_vs/browserLink (50)
[1123/194458.377:INFO:CONSOLE(1)] "Uncaught TypeError: Cannot read property 'fn' of undefined", source: https://localhost:7178/plugins/bower_components/owl.carousel/owl.carousel.min.js (1)
[1123/194458.377:INFO:CONSOLE(1)] "Uncaught ReferenceError: jQuery is not defined", source: https://localhost:7178/plugins/bower_components/owl.carousel/owl.custom.js (1)
[1123/194458.494:INFO:CONSOLE(50)] "Tools extension connected", source: https://localhost:7178/_vs/browserLink (50)
[1123/194458.494:INFO:CONSOLE(50)] "Initializing tools services...", source: https://localhost:7178/_vs/browserLink (50)
[1123/194458.494:INFO:CONSOLE(50)] "Initializing tools design surface service", source: https://localhost:7178/_vs/browserLink (50)
[1123/194458.494:INFO:CONSOLE(50)] "Initializing tools selection service", source: https://localhost:7178/_vs/browserLink (50)
[1123/194458.494:INFO:CONSOLE(50)] "Initializing tools tag navigation service", source: https://localhost:7178/_vs/browserLink (50)
[1123/194458.494:INFO:CONSOLE(50)] "Initializing tools hotkey manager service", source: https://localhost:7178/_vs/browserLink (50)
[1123/194458.495:INFO:CONSOLE(50)] "Host extension connected", source: https://localhost:7178/_vs/browserLink (50)
[1123/194458.495:INFO:CONSOLE(50)] "Initializing host services...", source: https://localhost:7178/_vs/browserLink (50)
[1123/194458.909:INFO:CONSOLE(61)] "dotnet-watch reload socket closed.", source: https://localhost:7178/_framework/aspnetcore-browser-refresh.js (61)
[1123/194459.073:INFO:CONSOLE(21)] "Synchronous XMLHttpRequest on the main thread is deprecated because of its detrimental effects to the end user's experience. For more help, check https://xhr.spec.whatwg.org/.", source: https://localhost:7178/_vs/browserLink (21)
[1123/194459.089:INFO:CONSOLE(1)] "Uncaught TypeError: Cannot read property 'fn' of undefined", source: https://localhost:7178/plugins/bower_components/owl.carousel/owl.carousel.min.js (1)
[1123/194459.089:INFO:CONSOLE(1)] "Uncaught ReferenceError: jQuery is not defined", source: https://localhost:7178/plugins/bower_components/owl.carousel/owl.custom.js (1)
[1123/194459.160:INFO:CONSOLE(50)] "Tools extension connected", source: https://localhost:7178/_vs/browserLink (50)
[1123/194459.160:INFO:CONSOLE(50)] "Initializing tools services...", source: https://localhost:7178/_vs/browserLink (50)
[1123/194459.160:INFO:CONSOLE(50)] "Initializing tools design surface service", source: https://localhost:7178/_vs/browserLink (50)
[1123/194459.160:INFO:CONSOLE(50)] "Initializing tools selection service", source: https://localhost:7178/_vs/browserLink (50)
[1123/194459.160:INFO:CONSOLE(50)] "Initializing tools tag navigation service", source: https://localhost:7178/_vs/browserLink (50)
[1123/194459.160:INFO:CONSOLE(50)] "Initializing tools hotkey manager service", source: https://localhost:7178/_vs/browserLink (50)
[1123/194459.160:INFO:CONSOLE(50)] "Host extension connected", source: https://localhost:7178/_vs/browserLink (50)
[1123/194459.160:INFO:CONSOLE(50)] "Initializing host services...", source: https://localhost:7178/_vs/browserLink (50)
[1123/194505.799:INFO:CONSOLE(21)] "Synchronous XMLHttpRequest on the main thread is deprecated because of its detrimental effects to the end user's experience. For more help, check https://xhr.spec.whatwg.org/.", source: https://localhost:7178/_vs/browserLink (21)
[1123/194505.811:INFO:CONSOLE(1)] "Uncaught TypeError: Cannot read property 'fn' of undefined", source: https://localhost:7178/plugins/bower_components/owl.carousel/owl.carousel.min.js (1)
[1123/194505.811:INFO:CONSOLE(1)] "Uncaught ReferenceError: jQuery is not defined", source: https://localhost:7178/plugins/bower_components/owl.carousel/owl.custom.js (1)
[1123/194505.957:INFO:CONSOLE(50)] "Tools extension connected", source: https://localhost:7178/_vs/browserLink (50)
[1123/194505.957:INFO:CONSOLE(50)] "Initializing tools services...", source: https://localhost:7178/_vs/browserLink (50)
[1123/194505.957:INFO:CONSOLE(50)] "Initializing tools design surface service", source: https://localhost:7178/_vs/browserLink (50)
[1123/194505.957:INFO:CONSOLE(50)] "Initializing tools selection service", source: https://localhost:7178/_vs/browserLink (50)
[1123/194505.957:INFO:CONSOLE(50)] "Initializing tools tag navigation service", source: https://localhost:7178/_vs/browserLink (50)
[1123/194505.957:INFO:CONSOLE(50)] "Initializing tools hotkey manager service", source: https://localhost:7178/_vs/browserLink (50)
[1123/194505.957:INFO:CONSOLE(50)] "Host extension connected", source: https://localhost:7178/_vs/browserLink (50)
[1123/194505.957:INFO:CONSOLE(50)] "Initializing host services...", source: https://localhost:7178/_vs/browserLink (50)
[1123/194509.658:INFO:CONSOLE(50)] "Tools extension connected", source: https://localhost:7178/_vs/browserLink (50)
[1123/194509.658:INFO:CONSOLE(50)] "Initializing tools services...", source: https://localhost:7178/_vs/browserLink (50)
[1123/194509.658:INFO:CONSOLE(50)] "Initializing tools design surface service", source: https://localhost:7178/_vs/browserLink (50)
[1123/194509.659:INFO:CONSOLE(50)] "Initializing tools selection service", source: https://localhost:7178/_vs/browserLink (50)
[1123/194509.659:INFO:CONSOLE(50)] "Initializing tools tag navigation service", source: https://localhost:7178/_vs/browserLink (50)
[1123/194509.659:INFO:CONSOLE(50)] "Initializing tools hotkey manager service", source: https://localhost:7178/_vs/browserLink (50)
[1123/194509.659:INFO:CONSOLE(50)] "Host extension connected", source: https://localhost:7178/_vs/browserLink (50)
[1123/194509.659:INFO:CONSOLE(50)] "Initializing host services...", source: https://localhost:7178/_vs/browserLink (50)
[1123/194510.072:INFO:CONSOLE(61)] "dotnet-watch reload socket closed.", source: https://localhost:7178/_framework/aspnetcore-browser-refresh.js (61)
[1123/194517.456:INFO:CONSOLE(21)] "Synchronous XMLHttpRequest on the main thread is deprecated because of its detrimental effects to the end user's experience. For more help, check https://xhr.spec.whatwg.org/.", source: https://localhost:7178/_vs/browserLink (21)
[1123/194517.467:INFO:CONSOLE(1)] "Uncaught TypeError: Cannot read property 'fn' of undefined", source: https://localhost:7178/plugins/bower_components/owl.carousel/owl.carousel.min.js (1)
[1123/194517.467:INFO:CONSOLE(1)] "Uncaught ReferenceError: jQuery is not defined", source: https://localhost:7178/plugins/bower_components/owl.carousel/owl.custom.js (1)
[1123/194517.582:INFO:CONSOLE(50)] "Tools extension connected", source: https://localhost:7178/_vs/browserLink (50)
[1123/194517.582:INFO:CONSOLE(50)] "Initializing tools services...", source: https://localhost:7178/_vs/browserLink (50)
[1123/194517.582:INFO:CONSOLE(50)] "Initializing tools design surface service", source: https://localhost:7178/_vs/browserLink (50)
[1123/194517.583:INFO:CONSOLE(50)] "Initializing tools selection service", source: https://localhost:7178/_vs/browserLink (50)
[1123/194517.583:INFO:CONSOLE(50)] "Initializing tools tag navigation service", source: https://localhost:7178/_vs/browserLink (50)
[1123/194517.583:INFO:CONSOLE(50)] "Initializing tools hotkey manager service", source: https://localhost:7178/_vs/browserLink (50)
[1123/194517.583:INFO:CONSOLE(50)] "Host extension connected", source: https://localhost:7178/_vs/browserLink (50)
[1123/194517.583:INFO:CONSOLE(50)] "Initializing host services...", source: https://localhost:7178/_vs/browserLink (50)
[1123/194517.996:INFO:CONSOLE(61)] "dotnet-watch reload socket closed.", source: https://localhost:7178/_framework/aspnetcore-browser-refresh.js (61)
[1123/194521.172:INFO:CONSOLE(21)] "Synchronous XMLHttpRequest on the main thread is deprecated because of its detrimental effects to the end user's experience. For more help, check https://xhr.spec.whatwg.org/.", source: https://localhost:7178/_vs/browserLink (21)
[1123/194521.183:INFO:CONSOLE(1)] "Uncaught TypeError: Cannot read property 'fn' of undefined", source: https://localhost:7178/plugins/bower_components/owl.carousel/owl.carousel.min.js (1)
[1123/194521.183:INFO:CONSOLE(1)] "Uncaught ReferenceError: jQuery is not defined", source: https://localhost:7178/plugins/bower_components/owl.carousel/owl.custom.js (1)
[1123/194521.275:INFO:CONSOLE(50)] "Tools extension connected", source: https://localhost:7178/_vs/browserLink (50)
[1123/194521.276:INFO:CONSOLE(50)] "Initializing tools services...", source: https://localhost:7178/_vs/browserLink (50)
[1123/194521.276:INFO:CONSOLE(50)] "Initializing tools design surface service", source: https://localhost:7178/_vs/browserLink (50)
[1123/194521.276:INFO:CONSOLE(50)] "Initializing tools selection service", source: https://localhost:7178/_vs/browserLink (50)
[1123/194521.276:INFO:CONSOLE(50)] "Initializing tools tag navigation service", source: https://localhost:7178/_vs/browserLink (50)
[1123/194521.276:INFO:CONSOLE(50)] "Initializing tools hotkey manager service", source: https://localhost:7178/_vs/browserLink (50)
[1123/194521.276:INFO:CONSOLE(50)] "Host extension connected", source: https://localhost:7178/_vs/browserLink (50)
[1123/194521.276:INFO:CONSOLE(50)] "Initializing host services...", source: https://localhost:7178/_vs/browserLink (50)
[1123/194556.139:INFO:CONSOLE(21)] "Synchronous XMLHttpRequest on the main thread is deprecated because of its detrimental effects to the end user's experience. For more help, check https://xhr.spec.whatwg.org/.", source: https://localhost:7178/_vs/browserLink (21)
[1123/194556.151:INFO:CONSOLE(1)] "Uncaught TypeError: Cannot read property 'fn' of undefined", source: https://localhost:7178/plugins/bower_components/owl.carousel/owl.carousel.min.js (1)
[1123/194556.151:INFO:CONSOLE(1)] "Uncaught ReferenceError: jQuery is not defined", source: https://localhost:7178/plugins/bower_components/owl.carousel/owl.custom.js (1)
[1123/194556.669:INFO:CONSOLE(50)] "Tools extension connected", source: https://localhost:7178/_vs/browserLink (50)
[1123/194556.669:INFO:CONSOLE(50)] "Initializing tools services...", source: https://localhost:7178/_vs/browserLink (50)
[1123/194556.669:INFO:CONSOLE(50)] "Initializing tools design surface service", source: https://localhost:7178/_vs/browserLink (50)
[1123/194556.669:INFO:CONSOLE(50)] "Initializing tools selection service", source: https://localhost:7178/_vs/browserLink (50)
[1123/194556.669:INFO:CONSOLE(50)] "Initializing tools tag navigation service", source: https://localhost:7178/_vs/browserLink (50)
[1123/194556.670:INFO:CONSOLE(50)] "Initializing tools hotkey manager service", source: https://localhost:7178/_vs/browserLink (50)
[1123/194556.670:INFO:CONSOLE(50)] "Host extension connected", source: https://localhost:7178/_vs/browserLink (50)
[1123/194556.670:INFO:CONSOLE(50)] "Initializing host services...", source: https://localhost:7178/_vs/browserLink (50)
[1123/194635.766:INFO:CONSOLE(21)] "Synchronous XMLHttpRequest on the main thread is deprecated because of its detrimental effects to the end user's experience. For more help, check https://xhr.spec.whatwg.org/.", source: https://localhost:7178/_vs/browserLink (21)
[1123/194635.777:INFO:CONSOLE(1)] "Uncaught TypeError: Cannot read property 'fn' of undefined", source: https://localhost:7178/plugins/bower_components/owl.carousel/owl.carousel.min.js (1)
[1123/194635.777:INFO:CONSOLE(1)] "Uncaught ReferenceError: jQuery is not defined", source: https://localhost:7178/plugins/bower_components/owl.carousel/owl.custom.js (1)
[1123/194635.900:INFO:CONSOLE(50)] "Tools extension connected", source: https://localhost:7178/_vs/browserLink (50)
[1123/194635.900:INFO:CONSOLE(50)] "Initializing tools services...", source: https://localhost:7178/_vs/browserLink (50)
[1123/194635.900:INFO:CONSOLE(50)] "Initializing tools design surface service", source: https://localhost:7178/_vs/browserLink (50)
[1123/194635.900:INFO:CONSOLE(50)] "Initializing tools selection service", source: https://localhost:7178/_vs/browserLink (50)
[1123/194635.901:INFO:CONSOLE(50)] "Initializing tools tag navigation service", source: https://localhost:7178/_vs/browserLink (50)
[1123/194635.901:INFO:CONSOLE(50)] "Initializing tools hotkey manager service", source: https://localhost:7178/_vs/browserLink (50)
[1123/194635.901:INFO:CONSOLE(50)] "Host extension connected", source: https://localhost:7178/_vs/browserLink (50)
[1123/194635.901:INFO:CONSOLE(50)] "Initializing host services...", source: https://localhost:7178/_vs/browserLink (50)
[1123/194636.620:INFO:CONSOLE(21)] "Synchronous XMLHttpRequest on the main thread is deprecated because of its detrimental effects to the end user's experience. For more help, check https://xhr.spec.whatwg.org/.", source: https://localhost:7178/_vs/browserLink (21)
[1123/194636.631:INFO:CONSOLE(1)] "Uncaught TypeError: Cannot read property 'fn' of undefined", source: https://localhost:7178/plugins/bower_components/owl.carousel/owl.carousel.min.js (1)
[1123/194636.631:INFO:CONSOLE(1)] "Uncaught ReferenceError: jQuery is not defined", source: https://localhost:7178/plugins/bower_components/owl.carousel/owl.custom.js (1)
[1123/194636.697:INFO:CONSOLE(50)] "Tools extension connected", source: https://localhost:7178/_vs/browserLink (50)
[1123/194636.698:INFO:CONSOLE(50)] "Initializing tools services...", source: https://localhost:7178/_vs/browserLink (50)
[1123/194636.698:INFO:CONSOLE(50)] "Initializing tools design surface service", source: https://localhost:7178/_vs/browserLink (50)
[1123/194636.698:INFO:CONSOLE(50)] "Initializing tools selection service", source: https://localhost:7178/_vs/browserLink (50)
[1123/194636.698:INFO:CONSOLE(50)] "Initializing tools tag navigation service", source: https://localhost:7178/_vs/browserLink (50)
[1123/194636.698:INFO:CONSOLE(50)] "Initializing tools hotkey manager service", source: https://localhost:7178/_vs/browserLink (50)
[1123/194636.698:INFO:CONSOLE(50)] "Host extension connected", source: https://localhost:7178/_vs/browserLink (50)
[1123/194636.698:INFO:CONSOLE(50)] "Initializing host services...", source: https://localhost:7178/_vs/browserLink (50)
[1123/194637.566:INFO:CONSOLE(21)] "Synchronous XMLHttpRequest on the main thread is deprecated because of its detrimental effects to the end user's experience. For more help, check https://xhr.spec.whatwg.org/.", source: https://localhost:7178/_vs/browserLink (21)
[1123/194637.583:INFO:CONSOLE(1)] "Uncaught TypeError: Cannot read property 'fn' of undefined", source: https://localhost:7178/plugins/bower_components/owl.carousel/owl.carousel.min.js (1)
[1123/194637.583:INFO:CONSOLE(1)] "Uncaught ReferenceError: jQuery is not defined", source: https://localhost:7178/plugins/bower_components/owl.carousel/owl.custom.js (1)
[1123/194637.675:INFO:CONSOLE(50)] "Tools extension connected", source: https://localhost:7178/_vs/browserLink (50)
[1123/194637.675:INFO:CONSOLE(50)] "Initializing tools services...", source: https://localhost:7178/_vs/browserLink (50)
[1123/194637.675:INFO:CONSOLE(50)] "Initializing tools design surface service", source: https://localhost:7178/_vs/browserLink (50)
[1123/194637.675:INFO:CONSOLE(50)] "Initializing tools selection service", source: https://localhost:7178/_vs/browserLink (50)
[1123/194637.675:INFO:CONSOLE(50)] "Initializing tools tag navigation service", source: https://localhost:7178/_vs/browserLink (50)
[1123/194637.675:INFO:CONSOLE(50)] "Initializing tools hotkey manager service", source: https://localhost:7178/_vs/browserLink (50)
[1123/194637.675:INFO:CONSOLE(50)] "Host extension connected", source: https://localhost:7178/_vs/browserLink (50)
[1123/194637.675:INFO:CONSOLE(50)] "Initializing host services...", source: https://localhost:7178/_vs/browserLink (50)
[1123/194638.429:INFO:CONSOLE(21)] "Synchronous XMLHttpRequest on the main thread is deprecated because of its detrimental effects to the end user's experience. For more help, check https://xhr.spec.whatwg.org/.", source: https://localhost:7178/_vs/browserLink (21)
[1123/194638.439:INFO:CONSOLE(1)] "Uncaught TypeError: Cannot read property 'fn' of undefined", source: https://localhost:7178/plugins/bower_components/owl.carousel/owl.carousel.min.js (1)
[1123/194638.439:INFO:CONSOLE(1)] "Uncaught ReferenceError: jQuery is not defined", source: https://localhost:7178/plugins/bower_components/owl.carousel/owl.custom.js (1)
[1123/194638.508:INFO:CONSOLE(50)] "Tools extension connected", source: https://localhost:7178/_vs/browserLink (50)
[1123/194638.508:INFO:CONSOLE(50)] "Initializing tools services...", source: https://localhost:7178/_vs/browserLink (50)
[1123/194638.508:INFO:CONSOLE(50)] "Initializing tools design surface service", source: https://localhost:7178/_vs/browserLink (50)
[1123/194638.508:INFO:CONSOLE(50)] "Initializing tools selection service", source: https://localhost:7178/_vs/browserLink (50)
[1123/194638.508:INFO:CONSOLE(50)] "Initializing tools tag navigation service", source: https://localhost:7178/_vs/browserLink (50)
[1123/194638.508:INFO:CONSOLE(50)] "Initializing tools hotkey manager service", source: https://localhost:7178/_vs/browserLink (50)
[1123/194638.508:INFO:CONSOLE(50)] "Host extension connected", source: https://localhost:7178/_vs/browserLink (50)
[1123/194638.508:INFO:CONSOLE(50)] "Initializing host services...", source: https://localhost:7178/_vs/browserLink (50)
[1123/194638.980:INFO:CONSOLE(21)] "Synchronous XMLHttpRequest on the main thread is deprecated because of its detrimental effects to the end user's experience. For more help, check https://xhr.spec.whatwg.org/.", source: https://localhost:7178/_vs/browserLink (21)
[1123/194638.991:INFO:CONSOLE(1)] "Uncaught TypeError: Cannot read property 'fn' of undefined", source: https://localhost:7178/plugins/bower_components/owl.carousel/owl.carousel.min.js (1)
[1123/194638.991:INFO:CONSOLE(1)] "Uncaught ReferenceError: jQuery is not defined", source: https://localhost:7178/plugins/bower_components/owl.carousel/owl.custom.js (1)
[1123/194639.060:INFO:CONSOLE(50)] "Tools extension connected", source: https://localhost:7178/_vs/browserLink (50)
[1123/194639.060:INFO:CONSOLE(50)] "Initializing tools services...", source: https://localhost:7178/_vs/browserLink (50)
[1123/194639.060:INFO:CONSOLE(50)] "Initializing tools design surface service", source: https://localhost:7178/_vs/browserLink (50)
[1123/194639.060:INFO:CONSOLE(50)] "Initializing tools selection service", source: https://localhost:7178/_vs/browserLink (50)
[1123/194639.061:INFO:CONSOLE(50)] "Initializing tools tag navigation service", source: https://localhost:7178/_vs/browserLink (50)
[1123/194639.061:INFO:CONSOLE(50)] "Initializing tools hotkey manager service", source: https://localhost:7178/_vs/browserLink (50)
[1123/194639.061:INFO:CONSOLE(50)] "Host extension connected", source: https://localhost:7178/_vs/browserLink (50)
[1123/194639.061:INFO:CONSOLE(50)] "Initializing host services...", source: https://localhost:7178/_vs/browserLink (50)
[1123/194652.092:INFO:CONSOLE(21)] "Synchronous XMLHttpRequest on the main thread is deprecated because of its detrimental effects to the end user's experience. For more help, check https://xhr.spec.whatwg.org/.", source: https://localhost:7178/_vs/browserLink (21)
[1123/194652.103:INFO:CONSOLE(1)] "Uncaught TypeError: Cannot read property 'fn' of undefined", source: https://localhost:7178/plugins/bower_components/owl.carousel/owl.carousel.min.js (1)
[1123/194652.103:INFO:CONSOLE(1)] "Uncaught ReferenceError: jQuery is not defined", source: https://localhost:7178/plugins/bower_components/owl.carousel/owl.custom.js (1)
[1123/194652.215:INFO:CONSOLE(50)] "Tools extension connected", source: https://localhost:7178/_vs/browserLink (50)
[1123/194652.215:INFO:CONSOLE(50)] "Initializing tools services...", source: https://localhost:7178/_vs/browserLink (50)
[1123/194652.216:INFO:CONSOLE(50)] "Initializing tools design surface service", source: https://localhost:7178/_vs/browserLink (50)
[1123/194652.216:INFO:CONSOLE(50)] "Initializing tools selection service", source: https://localhost:7178/_vs/browserLink (50)
[1123/194652.216:INFO:CONSOLE(50)] "Initializing tools tag navigation service", source: https://localhost:7178/_vs/browserLink (50)
[1123/194652.216:INFO:CONSOLE(50)] "Initializing tools hotkey manager service", source: https://localhost:7178/_vs/browserLink (50)
[1123/194652.216:INFO:CONSOLE(50)] "Host extension connected", source: https://localhost:7178/_vs/browserLink (50)
[1123/194652.216:INFO:CONSOLE(50)] "Initializing host services...", source: https://localhost:7178/_vs/browserLink (50)
[1123/194652.795:INFO:CONSOLE(21)] "Synchronous XMLHttpRequest on the main thread is deprecated because of its detrimental effects to the end user's experience. For more help, check https://xhr.spec.whatwg.org/.", source: https://localhost:7178/_vs/browserLink (21)
[1123/194652.806:INFO:CONSOLE(1)] "Uncaught TypeError: Cannot read property 'fn' of undefined", source: https://localhost:7178/plugins/bower_components/owl.carousel/owl.carousel.min.js (1)
[1123/194652.806:INFO:CONSOLE(1)] "Uncaught ReferenceError: jQuery is not defined", source: https://localhost:7178/plugins/bower_components/owl.carousel/owl.custom.js (1)
[1123/194652.877:INFO:CONSOLE(50)] "Tools extension connected", source: https://localhost:7178/_vs/browserLink (50)
[1123/194652.877:INFO:CONSOLE(50)] "Initializing tools services...", source: https://localhost:7178/_vs/browserLink (50)
[1123/194652.878:INFO:CONSOLE(50)] "Initializing tools design surface service", source: https://localhost:7178/_vs/browserLink (50)
[1123/194652.878:INFO:CONSOLE(50)] "Initializing tools selection service", source: https://localhost:7178/_vs/browserLink (50)
[1123/194652.878:INFO:CONSOLE(50)] "Initializing tools tag navigation service", source: https://localhost:7178/_vs/browserLink (50)
[1123/194652.878:INFO:CONSOLE(50)] "Initializing tools hotkey manager service", source: https://localhost:7178/_vs/browserLink (50)
[1123/194652.878:INFO:CONSOLE(50)] "Host extension connected", source: https://localhost:7178/_vs/browserLink (50)
[1123/194652.878:INFO:CONSOLE(50)] "Initializing host services...", source: https://localhost:7178/_vs/browserLink (50)
[1123/194653.650:INFO:CONSOLE(21)] "Synchronous XMLHttpRequest on the main thread is deprecated because of its detrimental effects to the end user's experience. For more help, check https://xhr.spec.whatwg.org/.", source: https://localhost:7178/_vs/browserLink (21)
[1123/194653.661:INFO:CONSOLE(1)] "Uncaught TypeError: Cannot read property 'fn' of undefined", source: https://localhost:7178/plugins/bower_components/owl.carousel/owl.carousel.min.js (1)
[1123/194653.661:INFO:CONSOLE(1)] "Uncaught ReferenceError: jQuery is not defined", source: https://localhost:7178/plugins/bower_components/owl.carousel/owl.custom.js (1)
[1123/194653.732:INFO:CONSOLE(50)] "Tools extension connected", source: https://localhost:7178/_vs/browserLink (50)
[1123/194653.732:INFO:CONSOLE(50)] "Initializing tools services...", source: https://localhost:7178/_vs/browserLink (50)
[1123/194653.732:INFO:CONSOLE(50)] "Initializing tools design surface service", source: https://localhost:7178/_vs/browserLink (50)
[1123/194653.732:INFO:CONSOLE(50)] "Initializing tools selection service", source: https://localhost:7178/_vs/browserLink (50)
[1123/194653.732:INFO:CONSOLE(50)] "Initializing tools tag navigation service", source: https://localhost:7178/_vs/browserLink (50)
[1123/194653.732:INFO:CONSOLE(50)] "Initializing tools hotkey manager service", source: https://localhost:7178/_vs/browserLink (50)
[1123/194653.732:INFO:CONSOLE(50)] "Host extension connected", source: https://localhost:7178/_vs/browserLink (50)
[1123/194653.732:INFO:CONSOLE(50)] "Initializing host services...", source: https://localhost:7178/_vs/browserLink (50)
[1123/194654.171:INFO:CONSOLE(21)] "Synchronous XMLHttpRequest on the main thread is deprecated because of its detrimental effects to the end user's experience. For more help, check https://xhr.spec.whatwg.org/.", source: https://localhost:7178/_vs/browserLink (21)
[1123/194654.183:INFO:CONSOLE(1)] "Uncaught TypeError: Cannot read property 'fn' of undefined", source: https://localhost:7178/plugins/bower_components/owl.carousel/owl.carousel.min.js (1)
[1123/194654.183:INFO:CONSOLE(1)] "Uncaught ReferenceError: jQuery is not defined", source: https://localhost:7178/plugins/bower_components/owl.carousel/owl.custom.js (1)
[1123/194654.285:INFO:CONSOLE(50)] "Tools extension connected", source: https://localhost:7178/_vs/browserLink (50)
[1123/194654.285:INFO:CONSOLE(50)] "Initializing tools services...", source: https://localhost:7178/_vs/browserLink (50)
[1123/194654.285:INFO:CONSOLE(50)] "Initializing tools design surface service", source: https://localhost:7178/_vs/browserLink (50)
[1123/194654.285:INFO:CONSOLE(50)] "Initializing tools selection service", source: https://localhost:7178/_vs/browserLink (50)
[1123/194654.285:INFO:CONSOLE(50)] "Initializing tools tag navigation service", source: https://localhost:7178/_vs/browserLink (50)
[1123/194654.285:INFO:CONSOLE(50)] "Initializing tools hotkey manager service", source: https://localhost:7178/_vs/browserLink (50)
[1123/194654.285:INFO:CONSOLE(50)] "Host extension connected", source: https://localhost:7178/_vs/browserLink (50)
[1123/194654.285:INFO:CONSOLE(50)] "Initializing host services...", source: https://localhost:7178/_vs/browserLink (50)
[1123/194655.043:INFO:CONSOLE(21)] "Synchronous XMLHttpRequest on the main thread is deprecated because of its detrimental effects to the end user's experience. For more help, check https://xhr.spec.whatwg.org/.", source: https://localhost:7178/_vs/browserLink (21)
[1123/194655.055:INFO:CONSOLE(1)] "Uncaught TypeError: Cannot read property 'fn' of undefined", source: https://localhost:7178/plugins/bower_components/owl.carousel/owl.carousel.min.js (1)
[1123/194655.055:INFO:CONSOLE(1)] "Uncaught ReferenceError: jQuery is not defined", source: https://localhost:7178/plugins/bower_components/owl.carousel/owl.custom.js (1)
[1123/194655.638:INFO:CONSOLE(50)] "Tools extension connected", source: https://localhost:7178/_vs/browserLink (50)
[1123/194655.638:INFO:CONSOLE(50)] "Initializing tools services...", source: https://localhost:7178/_vs/browserLink (50)
[1123/194655.638:INFO:CONSOLE(50)] "Initializing tools design surface service", source: https://localhost:7178/_vs/browserLink (50)
[1123/194655.638:INFO:CONSOLE(50)] "Initializing tools selection service", source: https://localhost:7178/_vs/browserLink (50)
[1123/194655.638:INFO:CONSOLE(50)] "Initializing tools tag navigation service", source: https://localhost:7178/_vs/browserLink (50)
[1123/194655.638:INFO:CONSOLE(50)] "Initializing tools hotkey manager service", source: https://localhost:7178/_vs/browserLink (50)
[1123/194655.638:INFO:CONSOLE(50)] "Host extension connected", source: https://localhost:7178/_vs/browserLink (50)
[1123/194655.638:INFO:CONSOLE(50)] "Initializing host services...", source: https://localhost:7178/_vs/browserLink (50)
[1123/194703.156:INFO:CONSOLE(21)] "Synchronous XMLHttpRequest on the main thread is deprecated because of its detrimental effects to the end user's experience. For more help, check https://xhr.spec.whatwg.org/.", source: https://localhost:7178/_vs/browserLink (21)
[1123/194703.167:INFO:CONSOLE(1)] "Uncaught TypeError: Cannot read property 'fn' of undefined", source: https://localhost:7178/plugins/bower_components/owl.carousel/owl.carousel.min.js (1)
[1123/194703.167:INFO:CONSOLE(1)] "Uncaught ReferenceError: jQuery is not defined", source: https://localhost:7178/plugins/bower_components/owl.carousel/owl.custom.js (1)
[1123/194703.251:INFO:CONSOLE(50)] "Tools extension connected", source: https://localhost:7178/_vs/browserLink (50)
[1123/194703.251:INFO:CONSOLE(50)] "Initializing tools services...", source: https://localhost:7178/_vs/browserLink (50)
[1123/194703.251:INFO:CONSOLE(50)] "Initializing tools design surface service", source: https://localhost:7178/_vs/browserLink (50)
[1123/194703.251:INFO:CONSOLE(50)] "Initializing tools selection service", source: https://localhost:7178/_vs/browserLink (50)
[1123/194703.251:INFO:CONSOLE(50)] "Initializing tools tag navigation service", source: https://localhost:7178/_vs/browserLink (50)
[1123/194703.251:INFO:CONSOLE(50)] "Initializing tools hotkey manager service", source: https://localhost:7178/_vs/browserLink (50)
[1123/194703.252:INFO:CONSOLE(50)] "Host extension connected", source: https://localhost:7178/_vs/browserLink (50)
[1123/194703.252:INFO:CONSOLE(50)] "Initializing host services...", source: https://localhost:7178/_vs/browserLink (50)
[1123/194704.011:INFO:CONSOLE(21)] "Synchronous XMLHttpRequest on the main thread is deprecated because of its detrimental effects to the end user's experience. For more help, check https://xhr.spec.whatwg.org/.", source: https://localhost:7178/_vs/browserLink (21)
[1123/194704.023:INFO:CONSOLE(1)] "Uncaught TypeError: Cannot read property 'fn' of undefined", source: https://localhost:7178/plugins/bower_components/owl.carousel/owl.carousel.min.js (1)
[1123/194704.023:INFO:CONSOLE(1)] "Uncaught ReferenceError: jQuery is not defined", source: https://localhost:7178/plugins/bower_components/owl.carousel/owl.custom.js (1)
[1123/194704.109:INFO:CONSOLE(50)] "Tools extension connected", source: https://localhost:7178/_vs/browserLink (50)
[1123/194704.109:INFO:CONSOLE(50)] "Initializing tools services...", source: https://localhost:7178/_vs/browserLink (50)
[1123/194704.109:INFO:CONSOLE(50)] "Initializing tools design surface service", source: https://localhost:7178/_vs/browserLink (50)
[1123/194704.109:INFO:CONSOLE(50)] "Initializing tools selection service", source: https://localhost:7178/_vs/browserLink (50)
[1123/194704.109:INFO:CONSOLE(50)] "Initializing tools tag navigation service", source: https://localhost:7178/_vs/browserLink (50)
[1123/194704.109:INFO:CONSOLE(50)] "Initializing tools hotkey manager service", source: https://localhost:7178/_vs/browserLink (50)
[1123/194704.109:INFO:CONSOLE(50)] "Host extension connected", source: https://localhost:7178/_vs/browserLink (50)
[1123/194704.110:INFO:CONSOLE(50)] "Initializing host services...", source: https://localhost:7178/_vs/browserLink (50)
[1123/194705.440:INFO:CONSOLE(61)] "dotnet-watch reload socket closed.", source: https://localhost:7178/_framework/aspnetcore-browser-refresh.js (61)
[1123/194707.873:INFO:CONSOLE(21)] "Synchronous XMLHttpRequest on the main thread is deprecated because of its detrimental effects to the end user's experience. For more help, check https://xhr.spec.whatwg.org/.", source: https://localhost:7178/_vs/browserLink (21)
[1123/194707.884:INFO:CONSOLE(1)] "Uncaught TypeError: Cannot read property 'fn' of undefined", source: https://localhost:7178/plugins/bower_components/owl.carousel/owl.carousel.min.js (1)
[1123/194707.884:INFO:CONSOLE(1)] "Uncaught ReferenceError: jQuery is not defined", source: https://localhost:7178/plugins/bower_components/owl.carousel/owl.custom.js (1)
[1123/194708.014:INFO:CONSOLE(50)] "Tools extension connected", source: https://localhost:7178/_vs/browserLink (50)
[1123/194708.014:INFO:CONSOLE(50)] "Initializing tools services...", source: https://localhost:7178/_vs/browserLink (50)
[1123/194708.014:INFO:CONSOLE(50)] "Initializing tools design surface service", source: https://localhost:7178/_vs/browserLink (50)
[1123/194708.014:INFO:CONSOLE(50)] "Initializing tools selection service", source: https://localhost:7178/_vs/browserLink (50)
[1123/194708.014:INFO:CONSOLE(50)] "Initializing tools tag navigation service", source: https://localhost:7178/_vs/browserLink (50)
[1123/194708.014:INFO:CONSOLE(50)] "Initializing tools hotkey manager service", source: https://localhost:7178/_vs/browserLink (50)
[1123/194708.014:INFO:CONSOLE(50)] "Host extension connected", source: https://localhost:7178/_vs/browserLink (50)
[1123/194708.014:INFO:CONSOLE(50)] "Initializing host services...", source: https://localhost:7178/_vs/browserLink (50)
[1123/194708.729:INFO:CONSOLE(21)] "Synchronous XMLHttpRequest on the main thread is deprecated because of its detrimental effects to the end user's experience. For more help, check https://xhr.spec.whatwg.org/.", source: https://localhost:7178/_vs/browserLink (21)
[1123/194708.741:INFO:CONSOLE(1)] "Uncaught TypeError: Cannot read property 'fn' of undefined", source: https://localhost:7178/plugins/bower_components/owl.carousel/owl.carousel.min.js (1)
[1123/194708.741:INFO:CONSOLE(1)] "Uncaught ReferenceError: jQuery is not defined", source: https://localhost:7178/plugins/bower_components/owl.carousel/owl.custom.js (1)
[1123/194708.809:INFO:CONSOLE(50)] "Tools extension connected", source: https://localhost:7178/_vs/browserLink (50)
[1123/194708.809:INFO:CONSOLE(50)] "Initializing tools services...", source: https://localhost:7178/_vs/browserLink (50)
[1123/194708.809:INFO:CONSOLE(50)] "Initializing tools design surface service", source: https://localhost:7178/_vs/browserLink (50)
[1123/194708.809:INFO:CONSOLE(50)] "Initializing tools selection service", source: https://localhost:7178/_vs/browserLink (50)
[1123/194708.809:INFO:CONSOLE(50)] "Initializing tools tag navigation service", source: https://localhost:7178/_vs/browserLink (50)
[1123/194708.809:INFO:CONSOLE(50)] "Initializing tools hotkey manager service", source: https://localhost:7178/_vs/browserLink (50)
[1123/194708.809:INFO:CONSOLE(50)] "Host extension connected", source: https://localhost:7178/_vs/browserLink (50)
[1123/194708.809:INFO:CONSOLE(50)] "Initializing host services...", source: https://localhost:7178/_vs/browserLink (50)
[1123/194709.788:INFO:CONSOLE(37)] "File changes detected. Waiting for application to rebuild.", source: https://localhost:7178/_framework/aspnetcore-browser-refresh.js (37)
[1123/194712.222:INFO:CONSOLE(55)] "Unknown payload: { "type" : "Ping" }", source: https://localhost:7178/_framework/aspnetcore-browser-refresh.js (55)
[1123/194712.222:INFO:CONSOLE(30)] "Server is ready. Reloading...", source: https://localhost:7178/_framework/aspnetcore-browser-refresh.js (30)
[1123/194712.301:INFO:CONSOLE(21)] "Synchronous XMLHttpRequest on the main thread is deprecated because of its detrimental effects to the end user's experience. For more help, check https://xhr.spec.whatwg.org/.", source: https://localhost:7178/_vs/browserLink (21)
[1123/194712.314:INFO:CONSOLE(1)] "Uncaught TypeError: Cannot read property 'fn' of undefined", source: https://localhost:7178/plugins/bower_components/owl.carousel/owl.carousel.min.js (1)
[1123/194712.314:INFO:CONSOLE(1)] "Uncaught ReferenceError: jQuery is not defined", source: https://localhost:7178/plugins/bower_components/owl.carousel/owl.custom.js (1)
[1123/194712.342:INFO:CONSOLE(1)] "Uncaught TypeError: Cannot read property 'fn' of undefined", source: https://localhost:7178/plugins/bower_components/owl.carousel/owl.carousel.min.js (1)
[1123/194712.342:INFO:CONSOLE(1)] "Uncaught ReferenceError: jQuery is not defined", source: https://localhost:7178/plugins/bower_components/owl.carousel/owl.custom.js (1)
[1123/194712.418:INFO:CONSOLE(50)] "Tools extension connected", source: https://localhost:7178/_vs/browserLink (50)
[1123/194712.418:INFO:CONSOLE(50)] "Initializing tools services...", source: https://localhost:7178/_vs/browserLink (50)
[1123/194712.418:INFO:CONSOLE(50)] "Initializing tools design surface service", source: https://localhost:7178/_vs/browserLink (50)
[1123/194712.418:INFO:CONSOLE(50)] "Initializing tools selection service", source: https://localhost:7178/_vs/browserLink (50)
[1123/194712.418:INFO:CONSOLE(50)] "Initializing tools tag navigation service", source: https://localhost:7178/_vs/browserLink (50)
[1123/194712.418:INFO:CONSOLE(50)] "Initializing tools hotkey manager service", source: https://localhost:7178/_vs/browserLink (50)
[1123/194712.418:INFO:CONSOLE(50)] "Host extension connected", source: https://localhost:7178/_vs/browserLink (50)
[1123/194712.418:INFO:CONSOLE(50)] "Initializing host services...", source: https://localhost:7178/_vs/browserLink (50)
[1123/194718.439:INFO:CONSOLE(61)] "dotnet-watch reload socket closed.", source: https://localhost:7178/_framework/aspnetcore-browser-refresh.js (61)
[1123/194725.139:INFO:CONSOLE(21)] "Synchronous XMLHttpRequest on the main thread is deprecated because of its detrimental effects to the end user's experience. For more help, check https://xhr.spec.whatwg.org/.", source: https://localhost:7178/_vs/browserLink (21)
[1123/194725.150:INFO:CONSOLE(1)] "Uncaught TypeError: Cannot read property 'fn' of undefined", source: https://localhost:7178/plugins/bower_components/owl.carousel/owl.carousel.min.js (1)
[1123/194725.150:INFO:CONSOLE(1)] "Uncaught ReferenceError: jQuery is not defined", source: https://localhost:7178/plugins/bower_components/owl.carousel/owl.custom.js (1)
[1123/194725.277:INFO:CONSOLE(50)] "Tools extension connected", source: https://localhost:7178/_vs/browserLink (50)
[1123/194725.277:INFO:CONSOLE(50)] "Initializing tools services...", source: https://localhost:7178/_vs/browserLink (50)
[1123/194725.277:INFO:CONSOLE(50)] "Initializing tools design surface service", source: https://localhost:7178/_vs/browserLink (50)
[1123/194725.277:INFO:CONSOLE(50)] "Initializing tools selection service", source: https://localhost:7178/_vs/browserLink (50)
[1123/194725.277:INFO:CONSOLE(50)] "Initializing tools tag navigation service", source: https://localhost:7178/_vs/browserLink (50)
[1123/194725.277:INFO:CONSOLE(50)] "Initializing tools hotkey manager service", source: https://localhost:7178/_vs/browserLink (50)
[1123/194725.277:INFO:CONSOLE(50)] "Host extension connected", source: https://localhost:7178/_vs/browserLink (50)
[1123/194725.277:INFO:CONSOLE(50)] "Initializing host services...", source: https://localhost:7178/_vs/browserLink (50)
[1123/194725.667:INFO:CONSOLE(21)] "Synchronous XMLHttpRequest on the main thread is deprecated because of its detrimental effects to the end user's experience. For more help, check https://xhr.spec.whatwg.org/.", source: https://localhost:7178/_vs/browserLink (21)
[1123/194725.679:INFO:CONSOLE(1)] "Uncaught TypeError: Cannot read property 'fn' of undefined", source: https://localhost:7178/plugins/bower_components/owl.carousel/owl.carousel.min.js (1)
[1123/194725.679:INFO:CONSOLE(1)] "Uncaught ReferenceError: jQuery is not defined", source: https://localhost:7178/plugins/bower_components/owl.carousel/owl.custom.js (1)
[1123/194725.744:INFO:CONSOLE(50)] "Tools extension connected", source: https://localhost:7178/_vs/browserLink (50)
[1123/194725.745:INFO:CONSOLE(50)] "Initializing tools services...", source: https://localhost:7178/_vs/browserLink (50)
[1123/194725.745:INFO:CONSOLE(50)] "Initializing tools design surface service", source: https://localhost:7178/_vs/browserLink (50)
[1123/194725.745:INFO:CONSOLE(50)] "Initializing tools selection service", source: https://localhost:7178/_vs/browserLink (50)
[1123/194725.745:INFO:CONSOLE(50)] "Initializing tools tag navigation service", source: https://localhost:7178/_vs/browserLink (50)
[1123/194725.745:INFO:CONSOLE(50)] "Initializing tools hotkey manager service", source: https://localhost:7178/_vs/browserLink (50)
[1123/194725.745:INFO:CONSOLE(50)] "Host extension connected", source: https://localhost:7178/_vs/browserLink (50)
[1123/194725.745:INFO:CONSOLE(50)] "Initializing host services...", source: https://localhost:7178/_vs/browserLink (50)
[1123/194731.494:INFO:CONSOLE(21)] "Synchronous XMLHttpRequest on the main thread is deprecated because of its detrimental effects to the end user's experience. For more help, check https://xhr.spec.whatwg.org/.", source: https://localhost:7178/_vs/browserLink (21)
[1123/194731.496:INFO:CONSOLE(21)] "Synchronous XMLHttpRequest on the main thread is deprecated because of its detrimental effects to the end user's experience. For more help, check https://xhr.spec.whatwg.org/.", source: https://localhost:7178/_vs/browserLink (21)
[1123/194731.502:INFO:CONSOLE(21)] "Synchronous XMLHttpRequest on the main thread is deprecated because of its detrimental effects to the end user's experience. For more help, check https://xhr.spec.whatwg.org/.", source: https://localhost:7178/_vs/browserLink (21)
